<?xml version="1.0" encoding="UTF-8"?>
<!-- Generated by org.testng.reporters.JUnitReportReporter -->
<testsuite hostname="LAPTOP-UBMQF7FC" failures="0" tests="1" name="com.mohs10.Report.PDFReportTest" time="22.643" errors="0" timestamp="2022-12-16T11:49:48 IST" skipped="0">
  <testcase classname="com.mohs10.Report.PDFReportTest" name="PDFreports" time="22.643"/>
  <system-out/>
</testsuite> <!-- com.mohs10.Report.PDFReportTest -->
