<?xml version="1.0" encoding="UTF-8"?>
<!-- Generated by org.testng.reporters.JUnitReportReporter -->
<testsuite hostname="LAPTOP-UBMQF7FC" failures="0" tests="4" name="com.mohs10.scripts.HomeTest" time="43.317" errors="0" timestamp="2022-12-15T12:05:41 IST" skipped="0">
  <testcase classname="com.mohs10.scripts.HomeTest" name="LoginPageTestCase" time="10.459"/>
  <system-out/>
  <testcase classname="com.mohs10.scripts.HomeTest" name="BlogbtnTestCase" time="8.712"/>
  <system-out/>
  <testcase classname="com.mohs10.scripts.HomeTest" name="NewsbtnTestCase" time="12.972"/>
  <system-out/>
  <testcase classname="com.mohs10.scripts.HomeTest" name="CategoriesTest" time="11.174"/>
  <system-out/>
</testsuite> <!-- com.mohs10.scripts.HomeTest -->
