<?xml version="1.0" encoding="UTF-8"?>
<!-- Generated by org.testng.reporters.JUnitReportReporter -->
<testsuite hostname="LAPTOP-UBMQF7FC" failures="0" tests="1" name="com.mohs10.Report.PDFReportTest" time="22.597" errors="0" timestamp="2022-12-15T13:28:57 IST" skipped="0">
  <testcase classname="com.mohs10.Report.PDFReportTest" name="PDFreports" time="22.597"/>
  <system-out/>
</testsuite> <!-- com.mohs10.Report.PDFReportTest -->
