<?xml version="1.0" encoding="UTF-8"?>
<!-- Generated by org.testng.reporters.JUnitReportReporter -->
<testsuite hostname="LAPTOP-UBMQF7FC" failures="0" tests="1" name="com.mohs10.scripts.HomeTest" time="39.009" errors="0" timestamp="2023-01-04T14:56:51 IST" skipped="0">
  <testcase classname="com.mohs10.scripts.HomeTest" name="LoginTestCase" time="39.009"/>
  <system-out/>
</testsuite> <!-- com.mohs10.scripts.HomeTest -->
