<?xml version="1.0" encoding="UTF-8"?>
<!-- Generated by org.testng.reporters.JUnitReportReporter -->
<testsuite hostname="LAPTOP-UBMQF7FC" failures="0" tests="4" name="com.mohs10.scripts.HomeTest" time="41.213" errors="0" timestamp="2023-01-03T16:32:32 IST" skipped="0">
  <testcase classname="com.mohs10.scripts.HomeTest" name="LoginPageTestCase" time="10.913"/>
  <system-out/>
  <testcase classname="com.mohs10.scripts.HomeTest" name="BlogbtnTestCase" time="9.173"/>
  <system-out/>
  <testcase classname="com.mohs10.scripts.HomeTest" name="NewsbtnTestCase" time="9.921"/>
  <system-out/>
  <testcase classname="com.mohs10.scripts.HomeTest" name="CategoriesTest" time="11.206"/>
  <system-out/>
</testsuite> <!-- com.mohs10.scripts.HomeTest -->
